d:\users\sudo\documents\visual studio 2015\projects\processinjection\injectiondll\debug\injectiondll.pch
d:\users\sudo\documents\visual studio 2015\projects\processinjection\injectiondll\debug\vc140.pdb
d:\users\sudo\documents\visual studio 2015\projects\processinjection\injectiondll\debug\vc140.idb
d:\users\sudo\documents\visual studio 2015\projects\processinjection\injectiondll\debug\stdafx.obj
d:\users\sudo\documents\visual studio 2015\projects\processinjection\injectiondll\debug\dllmain.obj
d:\users\sudo\documents\visual studio 2015\projects\processinjection\injectiondll\debug\injectiondll.obj
d:\users\sudo\documents\visual studio 2015\projects\processinjection\debug\injectiondll.lib
d:\users\sudo\documents\visual studio 2015\projects\processinjection\debug\injectiondll.exp
d:\users\sudo\documents\visual studio 2015\projects\processinjection\debug\injectiondll.ilk
d:\users\sudo\documents\visual studio 2015\projects\processinjection\debug\injectiondll.dll
d:\users\sudo\documents\visual studio 2015\projects\processinjection\debug\injectiondll.pdb
d:\users\sudo\documents\github\processinjection\injectiondll\debug\dllmain.obj
d:\users\sudo\documents\github\processinjection\injectiondll\debug\injectiondll.obj
d:\users\sudo\documents\github\processinjection\injectiondll\debug\stdafx.obj
d:\users\sudo\documents\github\processinjection\injectiondll\debug\injectiondll.pch
d:\users\sudo\documents\github\processinjection\injectiondll\debug\vc140.idb
d:\users\sudo\documents\github\processinjection\injectiondll\debug\vc140.pdb
d:\users\sudo\documents\github\processinjection\injectiondll\debug\injectiondll.tlog\cl.command.1.tlog
d:\users\sudo\documents\github\processinjection\injectiondll\debug\injectiondll.tlog\cl.read.1.tlog
d:\users\sudo\documents\github\processinjection\injectiondll\debug\injectiondll.tlog\cl.write.1.tlog
d:\users\sudo\documents\github\processinjection\injectiondll\debug\injectiondll.tlog\injectiondll.write.1u.tlog
d:\users\sudo\documents\github\processinjection\injectiondll\debug\injectiondll.tlog\link.command.1.tlog
d:\users\sudo\documents\github\processinjection\injectiondll\debug\injectiondll.tlog\link.read.1.tlog
d:\users\sudo\documents\github\processinjection\injectiondll\debug\injectiondll.tlog\link.write.1.tlog
