d:\users\sudo\documents\visual studio 2015\projects\processinjection\injectiondll\x64\release\injectiondll.pch
d:\users\sudo\documents\visual studio 2015\projects\processinjection\injectiondll\x64\release\vc140.pdb
d:\users\sudo\documents\visual studio 2015\projects\processinjection\injectiondll\x64\release\stdafx.obj
d:\users\sudo\documents\visual studio 2015\projects\processinjection\injectiondll\x64\release\dllmain.obj
d:\users\sudo\documents\visual studio 2015\projects\processinjection\injectiondll\x64\release\injectiondll.obj
d:\users\sudo\documents\visual studio 2015\projects\processinjection\x64\release\injectiondll.lib
d:\users\sudo\documents\visual studio 2015\projects\processinjection\x64\release\injectiondll.exp
d:\users\sudo\documents\visual studio 2015\projects\processinjection\x64\release\injectiondll.dll
d:\users\sudo\documents\visual studio 2015\projects\processinjection\x64\release\injectiondll.ipdb
d:\users\sudo\documents\visual studio 2015\projects\processinjection\x64\release\injectiondll.iobj
d:\users\sudo\documents\visual studio 2015\projects\processinjection\x64\release\injectiondll.pdb
d:\users\sudo\documents\github\processinjection\injectiondll\x64\release\dllmain.obj
d:\users\sudo\documents\github\processinjection\injectiondll\x64\release\injectiondll.obj
d:\users\sudo\documents\github\processinjection\injectiondll\x64\release\stdafx.obj
d:\users\sudo\documents\github\processinjection\injectiondll\x64\release\injectiondll.pch
d:\users\sudo\documents\github\processinjection\injectiondll\x64\release\vc140.pdb
d:\users\sudo\documents\github\processinjection\x64\release\injectiondll.pdb
d:\users\sudo\documents\github\processinjection\x64\release\injectiondll.dll
d:\users\sudo\documents\github\processinjection\injectiondll\x64\release\injectiondll.tlog\cl.command.1.tlog
d:\users\sudo\documents\github\processinjection\injectiondll\x64\release\injectiondll.tlog\cl.read.1.tlog
d:\users\sudo\documents\github\processinjection\injectiondll\x64\release\injectiondll.tlog\cl.write.1.tlog
d:\users\sudo\documents\github\processinjection\injectiondll\x64\release\injectiondll.tlog\injectiondll.write.1u.tlog
d:\users\sudo\documents\github\processinjection\injectiondll\x64\release\injectiondll.tlog\link.command.1.tlog
d:\users\sudo\documents\github\processinjection\injectiondll\x64\release\injectiondll.tlog\link.read.1.tlog
d:\users\sudo\documents\github\processinjection\injectiondll\x64\release\injectiondll.tlog\link.write.1.tlog
